[0.541s] Invoking command in '/home/suzuki/ros2_ws/src/mypkg': PYTHONPATH=/home/suzuki/ros2_ws/src/mypkg/build/mypkg/prefix_override:/usr/lib/python3/dist-packages/colcon_core/task/python/colcon_distutils_commands:/home/suzuki/ros2_ws/src/mypkg/install/mypkg/lib/python3.12/site-packages:${PYTHONPATH} /usr/bin/python3 -W ignore:setup.py install is deprecated setup.py egg_info --egg-base build/mypkg build --build-base /home/suzuki/ros2_ws/src/mypkg/build/mypkg/build install --record /home/suzuki/ros2_ws/src/mypkg/build/mypkg/install.log --single-version-externally-managed install_data
[0.722s] running egg_info
[0.734s] writing build/mypkg/mypkg.egg-info/PKG-INFO
[0.735s] writing dependency_links to build/mypkg/mypkg.egg-info/dependency_links.txt
[0.735s] writing entry points to build/mypkg/mypkg.egg-info/entry_points.txt
[0.735s] writing requirements to build/mypkg/mypkg.egg-info/requires.txt
[0.735s] writing top-level names to build/mypkg/mypkg.egg-info/top_level.txt
[0.762s] reading manifest file 'build/mypkg/mypkg.egg-info/SOURCES.txt'
[0.763s] adding license file 'LICENSE'
[0.763s] writing manifest file 'build/mypkg/mypkg.egg-info/SOURCES.txt'
[0.763s] running build
[0.763s] running build_py
[0.763s] running install
[0.768s] running install_lib
[0.782s] running install_data
[0.782s] copying package.xml -> /home/suzuki/ros2_ws/src/mypkg/install/mypkg/share/mypkg
[0.782s] running install_egg_info
[0.796s] removing '/home/suzuki/ros2_ws/src/mypkg/install/mypkg/lib/python3.12/site-packages/mypkg-0.0.0-py3.12.egg-info' (and everything under it)
[0.796s] Copying build/mypkg/mypkg.egg-info to /home/suzuki/ros2_ws/src/mypkg/install/mypkg/lib/python3.12/site-packages/mypkg-0.0.0-py3.12.egg-info
[0.796s] running install_scripts
[0.875s] Installing listener script to /home/suzuki/ros2_ws/src/mypkg/install/mypkg/lib/mypkg
[0.875s] Installing talker script to /home/suzuki/ros2_ws/src/mypkg/install/mypkg/lib/mypkg
[0.875s] writing list of installed files to '/home/suzuki/ros2_ws/src/mypkg/build/mypkg/install.log'
[0.896s] Invoked command in '/home/suzuki/ros2_ws/src/mypkg' returned '0': PYTHONPATH=/home/suzuki/ros2_ws/src/mypkg/build/mypkg/prefix_override:/usr/lib/python3/dist-packages/colcon_core/task/python/colcon_distutils_commands:/home/suzuki/ros2_ws/src/mypkg/install/mypkg/lib/python3.12/site-packages:${PYTHONPATH} /usr/bin/python3 -W ignore:setup.py install is deprecated setup.py egg_info --egg-base build/mypkg build --build-base /home/suzuki/ros2_ws/src/mypkg/build/mypkg/build install --record /home/suzuki/ros2_ws/src/mypkg/build/mypkg/install.log --single-version-externally-managed install_data
