[0.811s] Invoking command in '/home/suzuki/ros2_ws/src/mypkg': PYTHONPATH=/home/suzuki/ros2_ws/src/mypkg/build/mypkg/prefix_override:/usr/lib/python3/dist-packages/colcon_core/task/python/colcon_distutils_commands:/home/suzuki/ros2_ws/src/mypkg/install/mypkg/lib/python3.12/site-packages:${PYTHONPATH} /usr/bin/python3 -W ignore:setup.py install is deprecated setup.py egg_info --egg-base build/mypkg build --build-base /home/suzuki/ros2_ws/src/mypkg/build/mypkg/build install --record /home/suzuki/ros2_ws/src/mypkg/build/mypkg/install.log --single-version-externally-managed install_data
[0.996s] running egg_info
[0.996s] creating build/mypkg/mypkg.egg-info
[1.009s] writing build/mypkg/mypkg.egg-info/PKG-INFO
[1.010s] writing dependency_links to build/mypkg/mypkg.egg-info/dependency_links.txt
[1.010s] writing entry points to build/mypkg/mypkg.egg-info/entry_points.txt
[1.010s] writing requirements to build/mypkg/mypkg.egg-info/requires.txt
[1.010s] writing top-level names to build/mypkg/mypkg.egg-info/top_level.txt
[1.010s] writing manifest file 'build/mypkg/mypkg.egg-info/SOURCES.txt'
[1.036s] reading manifest file 'build/mypkg/mypkg.egg-info/SOURCES.txt'
[1.036s] adding license file 'LICENSE'
[1.036s] writing manifest file 'build/mypkg/mypkg.egg-info/SOURCES.txt'
[1.036s] running build
[1.036s] running build_py
[1.037s] creating /home/suzuki/ros2_ws/src/mypkg/build/mypkg/build
[1.037s] creating /home/suzuki/ros2_ws/src/mypkg/build/mypkg/build/lib
[1.037s] creating /home/suzuki/ros2_ws/src/mypkg/build/mypkg/build/lib/mypkg
[1.037s] copying mypkg/talker.py -> /home/suzuki/ros2_ws/src/mypkg/build/mypkg/build/lib/mypkg
[1.037s] copying mypkg/listener.py -> /home/suzuki/ros2_ws/src/mypkg/build/mypkg/build/lib/mypkg
[1.038s] copying mypkg/__init__.py -> /home/suzuki/ros2_ws/src/mypkg/build/mypkg/build/lib/mypkg
[1.038s] running install
[1.042s] running install_lib
[1.054s] creating /home/suzuki/ros2_ws/src/mypkg/install/mypkg/lib/python3.12/site-packages/mypkg
[1.054s] copying /home/suzuki/ros2_ws/src/mypkg/build/mypkg/build/lib/mypkg/talker.py -> /home/suzuki/ros2_ws/src/mypkg/install/mypkg/lib/python3.12/site-packages/mypkg
[1.054s] copying /home/suzuki/ros2_ws/src/mypkg/build/mypkg/build/lib/mypkg/listener.py -> /home/suzuki/ros2_ws/src/mypkg/install/mypkg/lib/python3.12/site-packages/mypkg
[1.054s] copying /home/suzuki/ros2_ws/src/mypkg/build/mypkg/build/lib/mypkg/__init__.py -> /home/suzuki/ros2_ws/src/mypkg/install/mypkg/lib/python3.12/site-packages/mypkg
[1.054s] byte-compiling /home/suzuki/ros2_ws/src/mypkg/install/mypkg/lib/python3.12/site-packages/mypkg/talker.py to talker.cpython-312.pyc
[1.055s] byte-compiling /home/suzuki/ros2_ws/src/mypkg/install/mypkg/lib/python3.12/site-packages/mypkg/listener.py to listener.cpython-312.pyc
[1.055s] byte-compiling /home/suzuki/ros2_ws/src/mypkg/install/mypkg/lib/python3.12/site-packages/mypkg/__init__.py to __init__.cpython-312.pyc
[1.055s] running install_data
[1.056s] creating /home/suzuki/ros2_ws/src/mypkg/install/mypkg/share/ament_index
[1.056s] creating /home/suzuki/ros2_ws/src/mypkg/install/mypkg/share/ament_index/resource_index
[1.056s] creating /home/suzuki/ros2_ws/src/mypkg/install/mypkg/share/ament_index/resource_index/packages
[1.056s] copying resource/mypkg -> /home/suzuki/ros2_ws/src/mypkg/install/mypkg/share/ament_index/resource_index/packages
[1.056s] copying package.xml -> /home/suzuki/ros2_ws/src/mypkg/install/mypkg/share/mypkg
[1.056s] creating /home/suzuki/ros2_ws/src/mypkg/install/mypkg/share/mypkg/launch
[1.057s] copying launch/talk_listen.launch.py -> /home/suzuki/ros2_ws/src/mypkg/install/mypkg/share/mypkg/launch
[1.057s] running install_egg_info
[1.071s] Copying build/mypkg/mypkg.egg-info to /home/suzuki/ros2_ws/src/mypkg/install/mypkg/lib/python3.12/site-packages/mypkg-0.0.0-py3.12.egg-info
[1.072s] running install_scripts
[1.150s] Installing listener script to /home/suzuki/ros2_ws/src/mypkg/install/mypkg/lib/mypkg
[1.151s] Installing talker script to /home/suzuki/ros2_ws/src/mypkg/install/mypkg/lib/mypkg
[1.151s] writing list of installed files to '/home/suzuki/ros2_ws/src/mypkg/build/mypkg/install.log'
[1.175s] Invoked command in '/home/suzuki/ros2_ws/src/mypkg' returned '0': PYTHONPATH=/home/suzuki/ros2_ws/src/mypkg/build/mypkg/prefix_override:/usr/lib/python3/dist-packages/colcon_core/task/python/colcon_distutils_commands:/home/suzuki/ros2_ws/src/mypkg/install/mypkg/lib/python3.12/site-packages:${PYTHONPATH} /usr/bin/python3 -W ignore:setup.py install is deprecated setup.py egg_info --egg-base build/mypkg build --build-base /home/suzuki/ros2_ws/src/mypkg/build/mypkg/build install --record /home/suzuki/ros2_ws/src/mypkg/build/mypkg/install.log --single-version-externally-managed install_data
