/home/suzuki/ros2_ws/src/mypkg/install/mypkg/lib/python3.12/site-packages/mypkg/listener.py
/home/suzuki/ros2_ws/src/mypkg/install/mypkg/lib/python3.12/site-packages/mypkg/skytree_weather_publisher.py
/home/suzuki/ros2_ws/src/mypkg/install/mypkg/lib/python3.12/site-packages/mypkg/mount_fuji_weather_publisher.py
/home/suzuki/ros2_ws/src/mypkg/install/mypkg/lib/python3.12/site-packages/mypkg/mount_fuji_weather_subscriber.py
/home/suzuki/ros2_ws/src/mypkg/install/mypkg/lib/python3.12/site-packages/mypkg/__init__.py
/home/suzuki/ros2_ws/src/mypkg/install/mypkg/lib/python3.12/site-packages/mypkg/__pycache__/listener.cpython-312.pyc
/home/suzuki/ros2_ws/src/mypkg/install/mypkg/lib/python3.12/site-packages/mypkg/__pycache__/skytree_weather_publisher.cpython-312.pyc
/home/suzuki/ros2_ws/src/mypkg/install/mypkg/lib/python3.12/site-packages/mypkg/__pycache__/mount_fuji_weather_publisher.cpython-312.pyc
/home/suzuki/ros2_ws/src/mypkg/install/mypkg/lib/python3.12/site-packages/mypkg/__pycache__/mount_fuji_weather_subscriber.cpython-312.pyc
/home/suzuki/ros2_ws/src/mypkg/install/mypkg/lib/python3.12/site-packages/mypkg/__pycache__/__init__.cpython-312.pyc
/home/suzuki/ros2_ws/src/mypkg/install/mypkg/share/ament_index/resource_index/packages/mypkg
/home/suzuki/ros2_ws/src/mypkg/install/mypkg/share/mypkg/package.xml
/home/suzuki/ros2_ws/src/mypkg/install/mypkg/share/mypkg/launch/talk_listen.launch.py
/home/suzuki/ros2_ws/src/mypkg/install/mypkg/lib/python3.12/site-packages/mypkg-0.0.0-py3.12.egg-info/top_level.txt
/home/suzuki/ros2_ws/src/mypkg/install/mypkg/lib/python3.12/site-packages/mypkg-0.0.0-py3.12.egg-info/dependency_links.txt
/home/suzuki/ros2_ws/src/mypkg/install/mypkg/lib/python3.12/site-packages/mypkg-0.0.0-py3.12.egg-info/entry_points.txt
/home/suzuki/ros2_ws/src/mypkg/install/mypkg/lib/python3.12/site-packages/mypkg-0.0.0-py3.12.egg-info/SOURCES.txt
/home/suzuki/ros2_ws/src/mypkg/install/mypkg/lib/python3.12/site-packages/mypkg-0.0.0-py3.12.egg-info/requires.txt
/home/suzuki/ros2_ws/src/mypkg/install/mypkg/lib/python3.12/site-packages/mypkg-0.0.0-py3.12.egg-info/PKG-INFO
/home/suzuki/ros2_ws/src/mypkg/install/mypkg/lib/python3.12/site-packages/mypkg-0.0.0-py3.12.egg-info/zip-safe
/home/suzuki/ros2_ws/src/mypkg/install/mypkg/lib/mypkg/listener
/home/suzuki/ros2_ws/src/mypkg/install/mypkg/lib/mypkg/mount_fuji_weather_publisher
/home/suzuki/ros2_ws/src/mypkg/install/mypkg/lib/mypkg/mount_fuji_weather_subscriber
/home/suzuki/ros2_ws/src/mypkg/install/mypkg/lib/mypkg/skytree_weather_publisher
